<?xml version="1.0" encoding="UTF-8"?>
<!-- Generated by org.testng.reporters.JUnitReportReporter -->
<testsuite skipped="0" hostname="DESKTOP-59LK8LP" name="com.LibraryCT.step_definitions.ParallelRun" tests="1" failures="0" timestamp="11 Mar 2021 04:01:00 GMT" time="0.816" errors="1">
  <testcase name="setUpClass" time="0.816" classname="com.LibraryCT.step_definitions.ParallelRun">
    <error type="java.lang.NoSuchMethodError" message="io.cucumber.core.runtime.ObjectFactoryServiceLoader.&lt;init&gt;(Ljava/util/function/Supplier;Lio/cucumber/core/backend/Options;)V">
      <![CDATA[java.lang.NoSuchMethodError: io.cucumber.core.runtime.ObjectFactoryServiceLoader.<init>(Ljava/util/function/Supplier;Lio/cucumber/core/backend/Options;)V
at io.cucumber.testng.TestNGCucumberRunner.<init>(TestNGCucumberRunner.java:95)
at io.cucumber.testng.AbstractTestNGCucumberTests.setUpClass(AbstractTestNGCucumberTests.java:23)
at sun.reflect.NativeMethodAccessorImpl.invoke0(Native Method)
at sun.reflect.NativeMethodAccessorImpl.invoke(NativeMethodAccessorImpl.java:62)
at sun.reflect.DelegatingMethodAccessorImpl.invoke(DelegatingMethodAccessorImpl.java:43)
at java.lang.reflect.Method.invoke(Method.java:498)
at org.testng.internal.MethodInvocationHelper.invokeMethod(MethodInvocationHelper.java:124)
at org.testng.internal.MethodInvocationHelper.invokeMethodConsideringTimeout(MethodInvocationHelper.java:59)
at org.testng.internal.Invoker.invokeConfigurationMethod(Invoker.java:458)
at org.testng.internal.Invoker.invokeConfigurations(Invoker.java:222)
at org.testng.internal.Invoker.invokeConfigurations(Invoker.java:142)
at org.testng.internal.TestMethodWorker.invokeBeforeClassMethods(TestMethodWorker.java:168)
at org.testng.internal.TestMethodWorker.run(TestMethodWorker.java:105)
at java.util.concurrent.ThreadPoolExecutor.runWorker(ThreadPoolExecutor.java:1149)
at java.util.concurrent.ThreadPoolExecutor$Worker.run(ThreadPoolExecutor.java:624)
at java.lang.Thread.run(Thread.java:748)
]]>
    </error>
  </testcase> <!-- setUpClass -->
</testsuite> <!-- com.LibraryCT.step_definitions.ParallelRun -->
